CIN beat PHI by a score of 9 to 4
LAN beat CHN by a score of 3 to 2
MLN beat PIT by a score of 4 to 3
SFN beat SLN by a score of 3 to 1
CHN beat LAN by a score of 4 to 0
SFN beat SLN by a score of 6 to 1
LAN beat SLN by a score of 3 to 2
PHI beat MLN by a score of 5 to 4
PIT beat CIN by a score of 13 to 0
CHN beat SFN by a score of 6 to 5
LAN beat SLN by a score of 3 to 2
MLN beat PHI by a score of 13 to 3
CIN beat PIT by a score of 11 to 3
SFN beat CHN by a score of 6 to 1
LAN beat SLN by a score of 7 to 5
MLN beat PHI by a score of 8 to 4
PIT beat CIN by a score of 5 to 0
PIT beat CIN by a score of 6 to 5
SFN beat CHN by a score of 4 to 3
WS1 beat BOS by a score of 10 to 1
BAL beat WS1 by a score of 3 to 2
NYA beat BOS by a score of 8 to 4
CHA beat KC1 by a score of 10 to 9
DET beat CLE by a score of 4 to 2
PHI beat PIT by a score of 4 to 3
LAN beat SFN by a score of 4 to 0
SLN beat CHN by a score of 5 to 2
WS1 beat BAL by a score of 8 to 7
BOS beat NYA by a score of 7 to 1
DET beat CLE by a score of 6 to 4
CIN beat MLN by a score of 10 to 5
PIT beat PHI by a score of 4 to 2
SFN beat LAN by a score of 1 to 0
WS1 beat BAL by a score of 6 to 5
NYA beat BOS by a score of 4 to 0
CHA beat KC1 by a score of 6 to 5
MLN beat CIN by a score of 2 to 0
PIT beat PHI by a score of 11 to 5
DET beat CHA by a score of 6 to 5
KC1 beat CLE by a score of 4 to 1
NYA beat BAL by a score of 5 to 0
BOS beat WS1 by a score of 5 to 4
SFN beat CHN by a score of 10 to 8
PHI beat CIN by a score of 10 to 7
PIT beat MLN by a score of 6 to 2
SLN beat LAN by a score of 11 to 7
DET beat CHA by a score of 6 to 2
KC1 beat CLE by a score of 6 to 5
NYA beat BAL by a score of 3 to 2
BOS beat WS1 by a score of 8 to 3
SFN beat CHN by a score of 18 to 2
PHI beat CIN by a score of 3 to 2
PIT beat MLN by a score of 5 to 4
SLN beat LAN by a score of 9 to 5
DET beat CHA by a score of 12 to 4
CLE beat KC1 by a score of 7 to 0
NYA beat BAL by a score of 15 to 9
WS1 beat BOS by a score of 11 to 10
CHN beat SFN by a score of 9 to 4
PHI beat CIN by a score of 9 to 5
CIN beat PHI by a score of 10 to 4
PIT beat MLN by a score of 7 to 3
SLN beat LAN by a score of 7 to 2
KC1 beat CHA by a score of 6 to 1
BAL beat WS1 by a score of 3 to 2
SFN beat SLN by a score of 9 to 8
CLE beat DET by a score of 2 to 1
CHA beat KC1 by a score of 8 to 0
BOS beat NYA by a score of 7 to 5
BAL beat WS1 by a score of 11 to 10
LAN beat CHN by a score of 8 to 1
MLN beat CIN by a score of 4 to 3
SLN beat SFN by a score of 4 to 2
BAL beat BOS by a score of 8 to 3
KC1 beat DET by a score of 3 to 1
WS1 beat NYA by a score of 5 to 4
LAN beat CHN by a score of 9 to 4
MLN beat CIN by a score of 8 to 5
PIT beat PHI by a score of 3 to 2
BAL beat BOS by a score of 6 to 1
CHA beat CLE by a score of 3 to 1
KC1 beat DET by a score of 2 to 1
SFN beat LAN by a score of 7 to 5
PIT beat PHI by a score of 3 to 0
BAL beat NYA by a score of 2 to 1
CHA beat DET by a score of 3 to 1
CLE beat KC1 by a score of 5 to 4
LAN beat SFN by a score of 10 to 2
MLN beat PHI by a score of 5 to 3
SLN beat CHN by a score of 16 to 6
NYA beat BAL by a score of 16 to 0
BOS beat WS1 by a score of 2 to 1
CLE beat KC1 by a score of 2 to 1
PIT beat CIN by a score of 12 to 7
SFN beat LAN by a score of 6 to 3
SLN beat CHN by a score of 5 to 4
BAL beat NYA by a score of 9 to 5
CHA beat DET by a score of 6 to 3
CHA beat DET by a score of 5 to 2
CLE beat KC1 by a score of 6 to 4
CLE beat KC1 by a score of 3 to 1
PIT beat CIN by a score of 13 to 2
MLN beat PHI by a score of 5 to 4
CHN beat SLN by a score of 5 to 4
BAL beat CHA by a score of 11 to 6
CLE beat WS1 by a score of 3 to 2
CHN beat PHI by a score of 8 to 7
CIN beat LAN by a score of 6 to 5
SFN beat MLN by a score of 5 to 0
SLN beat PIT by a score of 4 to 3
CHA beat BAL by a score of 5 to 3
BOS beat KC1 by a score of 4 to 3
NYA beat DET by a score of 10 to 3
WS1 beat CLE by a score of 7 to 6
PHI beat CHN by a score of 10 to 9
CIN beat LAN by a score of 5 to 3
BAL beat CHA by a score of 6 to 4
KC1 beat BOS by a score of 5 to 3
NYA beat DET by a score of 4 to 2
WS1 beat CLE by a score of 7 to 6
CHN beat PIT by a score of 5 to 1
MLN beat LAN by a score of 2 to 1
CIN beat SFN by a score of 3 to 2
SLN beat PHI by a score of 5 to 3
CLE beat BAL by a score of 11 to 6
CHA beat WS1 by a score of 5 to 3
PIT beat CHN by a score of 9 to 7
LAN beat MLN by a score of 4 to 3
CIN beat SFN by a score of 4 to 3
PHI beat SLN by a score of 3 to 1
BAL beat CLE by a score of 9 to 2
BOS beat DET by a score of 3 to 2
NYA beat KC1 by a score of 8 to 7
CHA beat WS1 by a score of 3 to 0
CIN beat SLN by a score of 1 to 0
PHI beat LAN by a score of 6 to 1
SFN beat PIT by a score of 5 to 1
CLE beat BAL by a score of 3 to 1
BOS beat DET by a score of 5 to 0
NYA beat KC1 by a score of 4 to 1
CHA beat WS1 by a score of 6 to 4
CIN beat SLN by a score of 6 to 2
LAN beat PHI by a score of 3 to 2
SFN beat PIT by a score of 6 to 5
CHA beat NYA by a score of 8 to 3
CIN beat SLN by a score of 5 to 2
PHI beat LAN by a score of 4 to 2
SFN beat PIT by a score of 13 to 1
WS1 beat KC1 by a score of 8 to 1
LAN beat PIT by a score of 7 to 4
KC1 beat BAL by a score of 10 to 0
BOS beat CHA by a score of 9 to 7
CLE beat NYA by a score of 5 to 1
DET beat WS1 by a score of 1 to 0
PIT beat LAN by a score of 3 to 2
SFN beat PHI by a score of 4 to 2
BAL beat KC1 by a score of 5 to 3
DET beat WS1 by a score of 1 to 0
PIT beat LAN by a score of 6 to 3
MLN beat SLN by a score of 12 to 8
SFN beat PHI by a score of 1 to 0
BOS beat CHA by a score of 1 to 0
CLE beat NYA by a score of 3 to 2
CIN beat CHN by a score of 14 to 1
MLN beat SLN by a score of 4 to 3
SFN beat PHI by a score of 1 to 0
CHA beat CLE by a score of 4 to 2
DET beat KC1 by a score of 4 to 3
NYA beat WS1 by a score of 7 to 3
CHN beat SLN by a score of 4 to 1
CIN beat PHI by a score of 1 to 0
PIT beat MLN by a score of 8 to 2
SFN beat LAN by a score of 3 to 0
BAL beat BOS by a score of 5 to 2
CLE beat CHA by a score of 10 to 9
DET beat KC1 by a score of 7 to 6
WS1 beat NYA by a score of 4 to 0
CHN beat SLN by a score of 4 to 0
PHI beat CIN by a score of 5 to 2
PIT beat MLN by a score of 6 to 4
LAN beat SFN by a score of 2 to 1
BAL beat BOS by a score of 2 to 1
BAL beat BOS by a score of 7 to 4
CHA beat CLE by a score of 4 to 0
CLE beat CHA by a score of 6 to 3
KC1 beat DET by a score of 5 to 0
KC1 beat DET by a score of 5 to 4
NYA beat WS1 by a score of 11 to 2
SLN beat CHN by a score of 6 to 1
CHN beat SLN by a score of 4 to 0
PHI beat CIN by a score of 14 to 3
CIN beat PHI by a score of 5 to 1
PIT beat MLN by a score of 6 to 4
MLN beat PIT by a score of 4 to 2
SFN beat LAN by a score of 2 to 0
BAL beat KC1 by a score of 2 to 1
CIN beat SFN by a score of 9 to 2
SLN beat PHI by a score of 5 to 3
CHA beat BOS by a score of 11 to 6
CLE beat NYA by a score of 7 to 6
DET beat WS1 by a score of 3 to 1
KC1 beat BAL by a score of 4 to 2
SFN beat CIN by a score of 9 to 3
LAN beat MLN by a score of 6 to 4
PIT beat CHN by a score of 11 to 6
CHA beat BOS by a score of 6 to 5
NYA beat CLE by a score of 4 to 2
WS1 beat DET by a score of 3 to 0
BAL beat KC1 by a score of 5 to 4
CIN beat LAN by a score of 5 to 4
MLN beat SFN by a score of 3 to 1
PIT beat SLN by a score of 4 to 2
KC1 beat BAL by a score of 7 to 4
CIN beat LAN by a score of 5 to 4
CHN beat PHI by a score of 4 to 2
PIT beat SLN by a score of 8 to 3
CHA beat NYA by a score of 5 to 3
CLE beat BOS by a score of 2 to 0
DET beat BAL by a score of 4 to 3
PHI beat LAN by a score of 6 to 3
PIT beat SFN by a score of 5 to 4
SLN beat CIN by a score of 6 to 1
CHA beat NYA by a score of 9 to 8
CLE beat BOS by a score of 6 to 1
BAL beat DET by a score of 7 to 4
KC1 beat WS1 by a score of 5 to 2
MLN beat CHN by a score of 4 to 2
SFN beat PIT by a score of 3 to 1
SLN beat CIN by a score of 6 to 5
WS1 beat CHA by a score of 7 to 5
WS1 beat CHA by a score of 3 to 2
BAL beat CLE by a score of 7 to 6
DET beat BOS by a score of 6 to 2
DET beat BOS by a score of 5 to 2
NYA beat KC1 by a score of 9 to 7
MLN beat CHN by a score of 3 to 1
LAN beat PHI by a score of 9 to 6
PIT beat SFN by a score of 8 to 7
SLN beat CIN by a score of 5 to 4
CIN beat SLN by a score of 5 to 3
NYA beat KC1 by a score of 4 to 3
CHN beat CIN by a score of 7 to 6
LAN beat PIT by a score of 1 to 0
BAL beat CHA by a score of 6 to 1
CLE beat WS1 by a score of 7 to 2
DET beat NYA by a score of 4 to 0
KC1 beat BOS by a score of 6 to 2
SFN beat PHI by a score of 4 to 0
LAN beat PIT by a score of 4 to 2
BAL beat CHA by a score of 3 to 2
CLE beat WS1 by a score of 1 to 0
DET beat NYA by a score of 9 to 3
BOS beat KC1 by a score of 5 to 3
CIN beat CHN by a score of 7 to 4
SFN beat PHI by a score of 5 to 1
LAN beat PIT by a score of 5 to 1
SLN beat MLN by a score of 5 to 3
CHA beat KC1 by a score of 3 to 1
NYA beat BAL by a score of 2 to 0
WS1 beat BOS by a score of 5 to 2
SFN beat PHI by a score of 9 to 0
MLN beat SLN by a score of 4 to 1
CHA beat KC1 by a score of 7 to 4
BAL beat NYA by a score of 3 to 2
BOS beat WS1 by a score of 4 to 3
LAN beat CHN by a score of 5 to 3
CIN beat MLN by a score of 9 to 5
SLN beat SFN by a score of 5 to 4
DET beat CLE by a score of 4 to 3
KC1 beat CHA by a score of 4 to 3
NYA beat WS1 by a score of 5 to 1
CHN beat LAN by a score of 4 to 3
PIT beat PHI by a score of 4 to 2
SFN beat SLN by a score of 8 to 0
BAL beat BOS by a score of 6 to 1
BAL beat BOS by a score of 5 to 4
DET beat CLE by a score of 6 to 5
CLE beat DET by a score of 6 to 4
KC1 beat CHA by a score of 4 to 2
NYA beat WS1 by a score of 6 to 4
LAN beat CHN by a score of 4 to 0
CIN beat MLN by a score of 4 to 2
PIT beat PHI by a score of 8 to 5
SLN beat SFN by a score of 4 to 1
BAL beat BOS by a score of 7 to 5
BOS beat BAL by a score of 12 to 3
CLE beat CHA by a score of 4 to 1
CLE beat CHA by a score of 9 to 4
KC1 beat DET by a score of 7 to 6
KC1 beat DET by a score of 8 to 2
WS1 beat NYA by a score of 2 to 1
NYA beat WS1 by a score of 3 to 2
SLN beat LAN by a score of 15 to 3
CIN beat PHI by a score of 5 to 4
PHI beat CIN by a score of 6 to 1
PIT beat MLN by a score of 8 to 3
CHN beat SFN by a score of 2 to 1
SFN beat CHN by a score of 5 to 4
BAL beat NYA by a score of 3 to 2
BOS beat WS1 by a score of 5 to 1
CHA beat CLE by a score of 6 to 4
KC1 beat DET by a score of 2 to 1
LAN beat SLN by a score of 8 to 3
PHI beat MLN by a score of 12 to 7
PIT beat CIN by a score of 4 to 3
CHN beat SFN by a score of 9 to 1
BAL beat NYA by a score of 4 to 1
CHA beat DET by a score of 6 to 0
SLN beat LAN by a score of 5 to 2
MLN beat PHI by a score of 6 to 3
PIT beat CIN by a score of 5 to 0
SFN beat CHN by a score of 2 to 1
BAL beat NYA by a score of 6 to 5
WS1 beat BOS by a score of 8 to 3
WS1 beat BOS by a score of 8 to 7
DET beat CHA by a score of 4 to 3
CLE beat KC1 by a score of 7 to 6
CHN beat LAN by a score of 10 to 8
MLN beat PHI by a score of 9 to 8
SLN beat SFN by a score of 4 to 3
KC1 beat CHA by a score of 7 to 2
CLE beat DET by a score of 6 to 2
NYA beat BOS by a score of 4 to 3
WS1 beat BAL by a score of 4 to 1
CHN beat LAN by a score of 6 to 5
MLN beat CIN by a score of 6 to 4
PIT beat PHI by a score of 3 to 0
SFN beat SLN by a score of 3 to 2
WS1 beat BAL by a score of 7 to 1
CHA beat KC1 by a score of 4 to 2
DET beat CLE by a score of 7 to 4
BOS beat NYA by a score of 8 to 2
LAN beat CHN by a score of 12 to 6
MLN beat CIN by a score of 5 to 1
SFN beat SLN by a score of 2 to 0
CHA beat KC1 by a score of 2 to 0
CHA beat KC1 by a score of 2 to 0
DET beat CLE by a score of 7 to 2
CLE beat DET by a score of 9 to 0
NYA beat BOS by a score of 5 to 4
NYA beat BOS by a score of 8 to 3
BAL beat WS1 by a score of 6 to 5
CHN beat LAN by a score of 12 to 8
CIN beat MLN by a score of 3 to 2
MLN beat CIN by a score of 4 to 1
PHI beat PIT by a score of 2 to 0
PHI beat PIT by a score of 4 to 1
SLN beat SFN by a score of 9 to 4
BAL beat WS1 by a score of 6 to 1
CHA beat NYA by a score of 3 to 2
SLN beat PHI by a score of 5 to 2
DET beat BAL by a score of 5 to 2
CLE beat BOS by a score of 12 to 3
NYA beat CHA by a score of 5 to 2
WS1 beat KC1 by a score of 7 to 2
CHN beat PIT by a score of 13 to 2
MLN beat LAN by a score of 6 to 4
CIN beat SFN by a score of 5 to 1
PHI beat SLN by a score of 5 to 3
DET beat BAL by a score of 2 to 0
CLE beat BOS by a score of 8 to 7
CLE beat BOS by a score of 5 to 2
NYA beat CHA by a score of 6 to 0
WS1 beat KC1 by a score of 8 to 6
PIT beat CHN by a score of 5 to 3
LAN beat MLN by a score of 4 to 1
SFN beat CIN by a score of 2 to 1
PHI beat SLN by a score of 5 to 4
DET beat BAL by a score of 7 to 5
DET beat BAL by a score of 7 to 4
CLE beat BOS by a score of 3 to 2
NYA beat CHA by a score of 5 to 2
KC1 beat WS1 by a score of 7 to 2
PIT beat CHN by a score of 11 to 3
MLN beat LAN by a score of 6 to 5
CIN beat SFN by a score of 7 to 4
BAL beat KC1 by a score of 5 to 4
CHA beat BOS by a score of 13 to 3
NYA beat CLE by a score of 4 to 3
DET beat WS1 by a score of 7 to 4
CHN beat PHI by a score of 6 to 1
CIN beat LAN by a score of 4 to 3
SFN beat MLN by a score of 5 to 0
SLN beat PIT by a score of 9 to 6
BAL beat KC1 by a score of 6 to 5
BOS beat CHA by a score of 5 to 4
CHA beat BOS by a score of 8 to 4
NYA beat CLE by a score of 6 to 4
WS1 beat DET by a score of 8 to 7
PHI beat CHN by a score of 7 to 1
LAN beat CIN by a score of 5 to 2
MLN beat SFN by a score of 9 to 5
SLN beat PIT by a score of 7 to 6
KC1 beat BAL by a score of 6 to 1
KC1 beat BAL by a score of 5 to 3
BOS beat CHA by a score of 4 to 1
WS1 beat DET by a score of 8 to 3
DET beat WS1 by a score of 12 to 5
CHN beat PHI by a score of 8 to 7
LAN beat CIN by a score of 3 to 1
SFN beat MLN by a score of 16 to 7
PIT beat SLN by a score of 15 to 3
SLN beat PIT by a score of 5 to 2
NYA beat KC1 by a score of 8 to 4
MLN beat SFN by a score of 12 to 5
BAL beat CLE by a score of 7 to 4
DET beat BOS by a score of 2 to 1
NYA beat KC1 by a score of 6 to 2
SLN beat CIN by a score of 6 to 3
PHI beat LAN by a score of 6 to 5
CHN beat MLN by a score of 3 to 2
PIT beat SFN by a score of 6 to 3
CHA beat WS1 by a score of 6 to 4
CLE beat BAL by a score of 10 to 2
BAL beat CLE by a score of 13 to 5
BOS beat DET by a score of 4 to 3
KC1 beat NYA by a score of 7 to 7
SLN beat CIN by a score of 6 to 0
LAN beat PHI by a score of 14 to 2
MLN beat CHN by a score of 5 to 4
CHN beat MLN by a score of 8 to 5
PIT beat SFN by a score of 14 to 6
CHA beat WS1 by a score of 10 to 4
BAL beat CLE by a score of 3 to 2
DET beat BOS by a score of 6 to 5
KC1 beat NYA by a score of 9 to 1
SLN beat CIN by a score of 6 to 5
LAN beat PHI by a score of 10 to 6
MLN beat CHN by a score of 10 to 7
PIT beat SFN by a score of 10 to 7
NYA beat CHA by a score of 4 to 2
BOS beat CLE by a score of 3 to 1
BAL beat DET by a score of 3 to 1
WS1 beat KC1 by a score of 3 to 1
CHN beat CIN by a score of 6 to 4
PIT beat LAN by a score of 2 to 1
MLN beat SLN by a score of 3 to 2
SFN beat PHI by a score of 7 to 3
NYA beat CHA by a score of 12 to 5
CLE beat BOS by a score of 2 to 1
DET beat BAL by a score of 5 to 3
WS1 beat KC1 by a score of 7 to 2
CIN beat CHN by a score of 7 to 1
PIT beat LAN by a score of 4 to 3
MLN beat SLN by a score of 5 to 0
SFN beat PHI by a score of 7 to 4
NYA beat CHA by a score of 7 to 5
NYA beat CHA by a score of 5 to 3
BOS beat CLE by a score of 7 to 1
BOS beat CLE by a score of 3 to 2
BAL beat DET by a score of 2 to 0
BAL beat DET by a score of 1 to 0
WS1 beat KC1 by a score of 6 to 5
CIN beat CHN by a score of 4 to 3
CIN beat CHN by a score of 7 to 5
LAN beat PIT by a score of 8 to 6
SLN beat MLN by a score of 4 to 3
MLN beat SLN by a score of 3 to 2
PHI beat SFN by a score of 2 to 1
KC1 beat BOS by a score of 9 to 6
MLN beat LAN by a score of 4 to 1
CHA beat BAL by a score of 4 to 3
CLE beat WS1 by a score of 5 to 4
NYA beat DET by a score of 6 to 0
KC1 beat BOS by a score of 11 to 7
CIN beat LAN by a score of 6 to 4
MLN beat SFN by a score of 9 to 6
MLN beat SFN by a score of 2 to 1
PHI beat CHN by a score of 7 to 6
PHI beat CHN by a score of 7 to 6
PIT beat SLN by a score of 3 to 2
CHA beat BAL by a score of 3 to 1
CLE beat WS1 by a score of 1 to 0
NYA beat DET by a score of 7 to 3
KC1 beat BOS by a score of 2 to 1
MLN beat SFN by a score of 7 to 4
PHI beat CHN by a score of 6 to 3
PIT beat SLN by a score of 5 to 0
BAL beat CHA by a score of 5 to 3
CLE beat WS1 by a score of 7 to 6
DET beat NYA by a score of 2 to 1
BOS beat KC1 by a score of 13 to 4
LAN beat CIN by a score of 6 to 2
MLN beat SFN by a score of 8 to 4
PHI beat CHN by a score of 4 to 3
SLN beat PIT by a score of 3 to 1
CHA beat BOS by a score of 2 to 1
NYA beat CLE by a score of 10 to 6
DET beat WS1 by a score of 4 to 0
BAL beat KC1 by a score of 6 to 5
SFN beat CIN by a score of 5 to 3
LAN beat MLN by a score of 5 to 3
PHI beat SLN by a score of 4 to 3
PIT beat CHN by a score of 4 to 1
CHA beat BOS by a score of 7 to 6
CLE beat NYA by a score of 4 to 1
WS1 beat DET by a score of 6 to 4
BAL beat KC1 by a score of 11 to 2
SFN beat CIN by a score of 5 to 2
MLN beat LAN by a score of 4 to 2
SLN beat PHI by a score of 1 to 0
PIT beat CHN by a score of 7 to 6
CHA beat BOS by a score of 4 to 3
CHA beat BOS by a score of 21 to 7
NYA beat CLE by a score of 6 to 2
CLE beat NYA by a score of 7 to 6
WS1 beat DET by a score of 4 to 2
WS1 beat DET by a score of 7 to 4
BAL beat KC1 by a score of 9 to 2
CIN beat SFN by a score of 10 to 4
LAN beat MLN by a score of 6 to 3
PHI beat SLN by a score of 3 to 2
SLN beat PHI by a score of 4 to 3
CHN beat PIT by a score of 7 to 6
CHN beat PIT by a score of 7 to 5
WS1 beat BAL by a score of 5 to 2
CLE beat BAL by a score of 3 to 2
DET beat BOS by a score of 10 to 1
NYA beat KC1 by a score of 5 to 2
WS1 beat CHA by a score of 2 to 1
MLN beat CHN by a score of 5 to 3
PHI beat LAN by a score of 2 to 0
PIT beat SFN by a score of 7 to 7
CIN beat SLN by a score of 10 to 4
CLE beat BAL by a score of 5 to 3
BOS beat DET by a score of 4 to 2
NYA beat KC1 by a score of 10 to 0
CHN beat MLN by a score of 3 to 2
MLN beat CHN by a score of 3 to 1
LAN beat PHI by a score of 6 to 3
LAN beat PHI by a score of 5 to 2
SLN beat CIN by a score of 5 to 2
BAL beat CLE by a score of 9 to 1
BOS beat DET by a score of 11 to 7
NYA beat KC1 by a score of 10 to 3
CHA beat WS1 by a score of 4 to 2
CHN beat MLN by a score of 11 to 5
LAN beat PHI by a score of 10 to 6
SFN beat PIT by a score of 11 to 0
PIT beat SFN by a score of 11 to 6
BAL beat CHA by a score of 4 to 0
CIN beat CHN by a score of 5 to 3
PIT beat LAN by a score of 4 to 3
SLN beat MLN by a score of 8 to 7
SLN beat MLN by a score of 7 to 5
CHA beat BAL by a score of 8 to 7
KC1 beat BOS by a score of 10 to 6
NYA beat DET by a score of 7 to 6
CLE beat WS1 by a score of 12 to 2
CIN beat CHN by a score of 13 to 8
PHI beat SFN by a score of 3 to 2
LAN beat PIT by a score of 6 to 1
SLN beat MLN by a score of 7 to 1
CHA beat BAL by a score of 2 to 1
BOS beat KC1 by a score of 13 to 2
NYA beat DET by a score of 7 to 6
NYA beat DET by a score of 6 to 2
CLE beat WS1 by a score of 5 to 2
CLE beat WS1 by a score of 11 to 5
CHN beat CIN by a score of 7 to 5
SFN beat PHI by a score of 11 to 5
LAN beat PIT by a score of 6 to 2
MLN beat SLN by a score of 4 to 3
BOS beat BAL by a score of 10 to 7
BAL beat BOS by a score of 8 to 6
CLE beat KC1 by a score of 4 to 0
CLE beat KC1 by a score of 7 to 4
DET beat CHA by a score of 3 to 0
DET beat CHA by a score of 3 to 2
WS1 beat NYA by a score of 9 to 8
SFN beat CHN by a score of 4 to 0
CHN beat SFN by a score of 1 to 1
CIN beat PHI by a score of 5 to 0
PHI beat CIN by a score of 5 to 2
MLN beat PIT by a score of 7 to 6
PIT beat MLN by a score of 7 to 2
SLN beat LAN by a score of 6 to 2
LAN beat SLN by a score of 5 to 4
BAL beat BOS by a score of 9 to 4
WS1 beat NYA by a score of 5 to 3
SLN beat CHN by a score of 3 to 2
PHI beat CIN by a score of 2 to 0
LAN beat SFN by a score of 8 to 0
PIT beat MLN by a score of 5 to 4
NYA beat BAL by a score of 5 to 2
WS1 beat BOS by a score of 4 to 0
CHA beat CLE by a score of 7 to 5
KC1 beat DET by a score of 6 to 4
CHN beat SLN by a score of 10 to 1
PIT beat CIN by a score of 5 to 2
LAN beat SFN by a score of 10 to 0
PHI beat MLN by a score of 8 to 5
NYA beat BAL by a score of 6 to 3
WS1 beat BOS by a score of 6 to 5
BOS beat WS1 by a score of 4 to 2
CHA beat CLE by a score of 9 to 3
DET beat KC1 by a score of 6 to 3
PIT beat CIN by a score of 3 to 2
LAN beat CHN by a score of 7 to 1
MLN beat PHI by a score of 2 to 0
SLN beat SFN by a score of 7 to 3
WS1 beat BAL by a score of 9 to 5
BOS beat NYA by a score of 8 to 0
CHA beat CLE by a score of 4 to 1
KC1 beat DET by a score of 5 to 4
LAN beat CHN by a score of 5 to 3
MLN beat CIN by a score of 6 to 3
PHI beat PIT by a score of 6 to 5
PIT beat PHI by a score of 8 to 3
SLN beat SFN by a score of 7 to 1
WS1 beat BAL by a score of 7 to 2
BOS beat NYA by a score of 6 to 5
CHA beat CLE by a score of 8 to 4
DET beat KC1 by a score of 6 to 1
SLN beat LAN by a score of 4 to 3
CIN beat MLN by a score of 6 to 5
PHI beat PIT by a score of 2 to 1
CHN beat SFN by a score of 7 to 6
WS1 beat BAL by a score of 2 to 1
BOS beat NYA by a score of 9 to 5
CLE beat CHA by a score of 6 to 2
CHA beat CLE by a score of 6 to 4
DET beat KC1 by a score of 12 to 10
LAN beat SLN by a score of 11 to 7
MLN beat CIN by a score of 7 to 1
PIT beat PHI by a score of 6 to 2
SFN beat CHN by a score of 5 to 3
MLN beat PIT by a score of 4 to 0
BAL beat CHA by a score of 5 to 2
CLE beat WS1 by a score of 4 to 0
DET beat NYA by a score of 8 to 4
BOS beat KC1 by a score of 2 to 1
MLN beat PHI by a score of 7 to 5
CIN beat PIT by a score of 4 to 1
LAN beat SFN by a score of 5 to 3
SLN beat CHN by a score of 6 to 0
BAL beat CHA by a score of 4 to 3
CLE beat WS1 by a score of 9 to 4
NYA beat DET by a score of 11 to 2
BOS beat KC1 by a score of 1 to 0
MLN beat PHI by a score of 6 to 4
PIT beat CIN by a score of 6 to 5
LAN beat SFN by a score of 6 to 1
SLN beat CHN by a score of 2 to 1
CHA beat BAL by a score of 2 to 1
CHA beat BAL by a score of 14 to 2
WS1 beat CLE by a score of 3 to 2
WS1 beat CLE by a score of 5 to 3
DET beat NYA by a score of 12 to 2
DET beat NYA by a score of 3 to 2
BOS beat KC1 by a score of 4 to 2
MLN beat PHI by a score of 7 to 3
CIN beat PIT by a score of 6 to 5
PIT beat CIN by a score of 5 to 0
SFN beat LAN by a score of 5 to 4
SLN beat CHN by a score of 6 to 0
SLN beat CHN by a score of 8 to 1
CHA beat BOS by a score of 9 to 1
NYA beat CLE by a score of 9 to 2
KC1 beat BAL by a score of 5 to 1
CHA beat BOS by a score of 6 to 0
NYA beat CLE by a score of 13 to 11
WS1 beat DET by a score of 5 to 0
BAL beat KC1 by a score of 9 to 3
CIN beat CHN by a score of 4 to 1
LAN beat PIT by a score of 5 to 4
MLN beat SLN by a score of 9 to 5
SFN beat PHI by a score of 2 to 0
CHA beat BOS by a score of 7 to 1
CLE beat NYA by a score of 8 to 6
WS1 beat DET by a score of 8 to 6
KC1 beat BAL by a score of 4 to 3
CHN beat CIN by a score of 4 to 0
CIN beat CHN by a score of 4 to 3
LAN beat PIT by a score of 7 to 5
MLN beat SLN by a score of 3 to 0
SFN beat PHI by a score of 3 to 1
DET beat WS1 by a score of 9 to 5
CHN beat CIN by a score of 8 to 1
PIT beat LAN by a score of 4 to 1
SLN beat MLN by a score of 9 to 4
PHI beat SFN by a score of 3 to 0
BAL beat DET by a score of 2 to 1
BOS beat CLE by a score of 6 to 4
CHA beat NYA by a score of 11 to 5
KC1 beat WS1 by a score of 9 to 4
CHN beat MLN by a score of 8 to 7
SLN beat CIN by a score of 8 to 3
LAN beat PHI by a score of 2 to 0
PIT beat SFN by a score of 4 to 1
DET beat BAL by a score of 4 to 1
BAL beat DET by a score of 4 to 3
CLE beat BOS by a score of 4 to 2
CHA beat NYA by a score of 5 to 3
WS1 beat KC1 by a score of 8 to 3
MLN beat CHN by a score of 3 to 0
SLN beat CIN by a score of 7 to 5
LAN beat PHI by a score of 2 to 0
SFN beat PIT by a score of 3 to 1
BAL beat DET by a score of 2 to 1
BOS beat CLE by a score of 10 to 6
BOS beat CLE by a score of 7 to 6
CHA beat NYA by a score of 6 to 3
NYA beat CHA by a score of 8 to 2
KC1 beat WS1 by a score of 6 to 3
WS1 beat KC1 by a score of 10 to 2
MLN beat CHN by a score of 7 to 5
MLN beat CHN by a score of 1 to 0
SLN beat CIN by a score of 6 to 5
LAN beat PHI by a score of 9 to 0
SFN beat PIT by a score of 6 to 3
CIN beat CHN by a score of 6 to 5
PIT beat SLN by a score of 4 to 2
KC1 beat BAL by a score of 2 to 1
CHA beat BOS by a score of 16 to 3
NYA beat CLE by a score of 6 to 1
DET beat WS1 by a score of 5 to 3
PHI beat CHN by a score of 4 to 3
CIN beat LAN by a score of 4 to 1
MLN beat SFN by a score of 3 to 1
PIT beat SLN by a score of 5 to 4
CHA beat BOS by a score of 10 to 4
WS1 beat DET by a score of 5 to 4
PHI beat CHN by a score of 7 to 5
LAN beat CIN by a score of 2 to 0
SFN beat MLN by a score of 5 to 0
PIT beat SLN by a score of 7 to 3
BAL beat KC1 by a score of 5 to 0
BOS beat CHA by a score of 4 to 2
NYA beat CLE by a score of 4 to 0
NYA beat CLE by a score of 9 to 2
WS1 beat DET by a score of 6 to 5
PHI beat CHN by a score of 3 to 2
LAN beat CIN by a score of 8 to 6
SFN beat MLN by a score of 3 to 2
CLE beat BAL by a score of 3 to 1
BOS beat DET by a score of 1 to 0
KC1 beat NYA by a score of 5 to 2
WS1 beat CHA by a score of 7 to 5
PIT beat CHN by a score of 4 to 0
LAN beat MLN by a score of 7 to 3
SFN beat CIN by a score of 2 to 1
SLN beat PHI by a score of 3 to 0
BAL beat CLE by a score of 4 to 3
CHA beat WS1 by a score of 3 to 2
CHN beat PIT by a score of 6 to 1
MLN beat LAN by a score of 8 to 7
SFN beat CIN by a score of 2 to 1
SLN beat PHI by a score of 6 to 3
BAL beat CLE by a score of 6 to 5
DET beat BOS by a score of 9 to 6
BOS beat DET by a score of 8 to 4
KC1 beat NYA by a score of 5 to 2
NYA beat KC1 by a score of 6 to 0
CHA beat WS1 by a score of 5 to 2
CHA beat WS1 by a score of 9 to 5
CHN beat PIT by a score of 6 to 2
LAN beat MLN by a score of 7 to 5
SFN beat CIN by a score of 6 to 2
SLN beat PHI by a score of 9 to 2
SLN beat PHI by a score of 5 to 3
BAL beat CHA by a score of 2 to 1
KC1 beat BOS by a score of 10 to 8
NYA beat DET by a score of 3 to 2
CLE beat WS1 by a score of 3 to 0
BAL beat CHA by a score of 6 to 2
KC1 beat BOS by a score of 10 to 4
NYA beat DET by a score of 3 to 2
NYA beat DET by a score of 3 to 2
WS1 beat CLE by a score of 9 to 0
CHN beat CIN by a score of 5 to 3
PHI beat SFN by a score of 7 to 3
PHI beat SFN by a score of 6 to 5
PIT beat LAN by a score of 3 to 0
SLN beat MLN by a score of 4 to 2
BAL beat CHA by a score of 6 to 5
DET beat NYA by a score of 12 to 2
CLE beat WS1 by a score of 7 to 4
CIN beat CHN by a score of 7 to 3
CHN beat CIN by a score of 4 to 2
PHI beat SFN by a score of 6 to 5
LAN beat PIT by a score of 3 to 1
SLN beat MLN by a score of 13 to 8
BOS beat KC1 by a score of 5 to 3
BOS beat KC1 by a score of 9 to 1
WS1 beat CHA by a score of 2 to 1
CHN beat CIN by a score of 5 to 3
SFN beat PHI by a score of 8 to 7
PIT beat LAN by a score of 4 to 1
SLN beat MLN by a score of 4 to 2
WS1 beat CHA by a score of 6 to 1
CLE beat BAL by a score of 4 to 3
BOS beat DET by a score of 4 to 2
NYA beat KC1 by a score of 4 to 3
MLN beat CHN by a score of 10 to 2
PIT beat SFN by a score of 1 to 0
CIN beat SLN by a score of 3 to 0
CHA beat WS1 by a score of 9 to 2
BAL beat CLE by a score of 5 to 2
BOS beat DET by a score of 11 to 9
NYA beat KC1 by a score of 16 to 4
CHN beat MLN by a score of 3 to 2
PHI beat LAN by a score of 3 to 1
PIT beat SFN by a score of 8 to 7
SLN beat CIN by a score of 6 to 5
CHA beat WS1 by a score of 9 to 7
CHA beat WS1 by a score of 3 to 2
BAL beat CLE by a score of 8 to 6
BAL beat CLE by a score of 9 to 2
DET beat BOS by a score of 7 to 2
BOS beat DET by a score of 1 to 0
NYA beat KC1 by a score of 3 to 2
KC1 beat NYA by a score of 13 to 3
MLN beat CHN by a score of 5 to 4
LAN beat PHI by a score of 8 to 7
LAN beat PHI by a score of 2 to 1
PIT beat SFN by a score of 4 to 1
PIT beat SFN by a score of 7 to 5
CIN beat SLN by a score of 18 to 4
SLN beat CIN by a score of 4 to 2
CHA beat NYA by a score of 9 to 1
WS1 beat KC1 by a score of 10 to 7
CIN beat SFN by a score of 4 to 3
MLN beat LAN by a score of 7 to 6
NYA beat CHA by a score of 7 to 4
CLE beat BOS by a score of 6 to 3
BAL beat DET by a score of 3 to 0
WS1 beat KC1 by a score of 3 to 1
KC1 beat WS1 by a score of 8 to 3
LAN beat MLN by a score of 3 to 2
SLN beat PHI by a score of 5 to 4
SLN beat PHI by a score of 6 to 0
PIT beat CHN by a score of 7 to 1
NYA beat CHA by a score of 6 to 0
BOS beat CLE by a score of 6 to 1
BAL beat DET by a score of 4 to 2
KC1 beat WS1 by a score of 13 to 1
CIN beat SFN by a score of 5 to 3
LAN beat MLN by a score of 3 to 2
SLN beat PHI by a score of 6 to 5
PIT beat CHN by a score of 3 to 1
BOS beat CLE by a score of 5 to 2
BAL beat DET by a score of 6 to 1
WS1 beat KC1 by a score of 5 to 4
LAN beat CIN by a score of 3 to 0
SFN beat MLN by a score of 8 to 7
SLN beat PIT by a score of 3 to 2
BAL beat BOS by a score of 4 to 3
CHA beat KC1 by a score of 6 to 4
DET beat CLE by a score of 6 to 4
WS1 beat NYA by a score of 12 to 7
CIN beat LAN by a score of 3 to 2
MLN beat SFN by a score of 4 to 2
PHI beat CHN by a score of 10 to 6
SLN beat PIT by a score of 9 to 2
BAL beat BOS by a score of 8 to 7
CHA beat KC1 by a score of 8 to 3
CLE beat DET by a score of 2 to 1
NYA beat WS1 by a score of 1 to 0
CIN beat LAN by a score of 6 to 2
MLN beat SFN by a score of 4 to 2
CHN beat PHI by a score of 4 to 2
PIT beat SLN by a score of 4 to 1
BOS beat BAL by a score of 3 to 2
CHA beat KC1 by a score of 9 to 3
CHA beat KC1 by a score of 7 to 2
DET beat CLE by a score of 6 to 1
DET beat CLE by a score of 3 to 2
WS1 beat NYA by a score of 5 to 4
WS1 beat NYA by a score of 6 to 3
CIN beat LAN by a score of 2 to 0
LAN beat CIN by a score of 9 to 5
MLN beat SFN by a score of 3 to 0
CHN beat PHI by a score of 2 to 1
CHN beat PHI by a score of 7 to 3
PIT beat SLN by a score of 9 to 4
PIT beat SLN by a score of 3 to 2
DET beat CHA by a score of 4 to 1
NYA beat BAL by a score of 4 to 3
BOS beat WS1 by a score of 11 to 3
CIN beat MLN by a score of 5 to 3
CIN beat MLN by a score of 4 to 0
PHI beat PIT by a score of 4 to 3
SFN beat SLN by a score of 5 to 3
CHA beat DET by a score of 3 to 2
CLE beat KC1 by a score of 4 to 3
NYA beat BAL by a score of 1 to 0
WS1 beat BOS by a score of 8 to 5
LAN beat CHN by a score of 7 to 5
MLN beat CIN by a score of 2 to 1
PIT beat PHI by a score of 11 to 2
PIT beat PHI by a score of 4 to 3
SFN beat SLN by a score of 7 to 3
WS1 beat BAL by a score of 11 to 7
NYA beat BOS by a score of 3 to 2
CLE beat CHA by a score of 3 to 2
DET beat KC1 by a score of 5 to 2
CHN beat LAN by a score of 1 to 0
MLN beat CIN by a score of 11 to 4
PIT beat PHI by a score of 5 to 3
SFN beat SLN by a score of 6 to 5
BAL beat WS1 by a score of 10 to 8
NYA beat BOS by a score of 11 to 7
CLE beat CHA by a score of 8 to 6
DET beat KC1 by a score of 11 to 6
LAN beat CHN by a score of 4 to 3
PIT beat CIN by a score of 3 to 2
MLN beat PHI by a score of 1 to 0
DET beat CLE by a score of 5 to 3
CHA beat KC1 by a score of 10 to 0
WS1 beat NYA by a score of 4 to 2
SFN beat CHN by a score of 2 to 1
CIN beat PIT by a score of 4 to 3
PHI beat MLN by a score of 3 to 2
SLN beat LAN by a score of 1 to 0
BOS beat BAL by a score of 8 to 6
BAL beat BOS by a score of 6 to 0
DET beat CLE by a score of 4 to 2
CHA beat KC1 by a score of 3 to 0
NYA beat WS1 by a score of 9 to 5
CHN beat SFN by a score of 9 to 5
PIT beat CIN by a score of 10 to 7
MLN beat PHI by a score of 1 to 0
LAN beat SLN by a score of 2 to 1
BAL beat BOS by a score of 10 to 4
DET beat CLE by a score of 6 to 4
DET beat CLE by a score of 6 to 4
KC1 beat CHA by a score of 8 to 1
WS1 beat NYA by a score of 7 to 4
CHN beat SFN by a score of 5 to 3
SFN beat CHN by a score of 5 to 3
CIN beat PIT by a score of 8 to 4
MLN beat PHI by a score of 3 to 2
SLN beat LAN by a score of 2 to 0
CHN beat CIN by a score of 6 to 3
LAN beat SFN by a score of 8 to 5
DET beat BAL by a score of 5 to 3
CLE beat BOS by a score of 3 to 2
CHA beat NYA by a score of 5 to 1
WS1 beat KC1 by a score of 3 to 1
PIT beat CHN by a score of 8 to 3
MLN beat LAN by a score of 7 to 0
SFN beat CIN by a score of 6 to 1
SLN beat PHI by a score of 4 to 2
BAL beat DET by a score of 9 to 2
CLE beat BOS by a score of 3 to 1
NYA beat CHA by a score of 3 to 2
KC1 beat WS1 by a score of 6 to 4
PIT beat CHN by a score of 10 to 6
LAN beat MLN by a score of 5 to 3
CIN beat SFN by a score of 3 to 2
PHI beat SLN by a score of 5 to 3
BAL beat DET by a score of 9 to 3
BOS beat CLE by a score of 10 to 7
WS1 beat KC1 by a score of 9 to 0
CHN beat PIT by a score of 2 to 1
MLN beat LAN by a score of 4 to 2
SFN beat CIN by a score of 8 to 5
BAL beat KC1 by a score of 2 to 1
BAL beat KC1 by a score of 11 to 3
CHA beat BOS by a score of 9 to 2
NYA beat CLE by a score of 7 to 6
NYA beat CLE by a score of 7 to 5
WS1 beat DET by a score of 5 to 4
PHI beat CHN by a score of 4 to 2
LAN beat CIN by a score of 10 to 1
LAN beat CIN by a score of 2 to 0
MLN beat SFN by a score of 3 to 2
SLN beat PIT by a score of 3 to 1
KC1 beat BAL by a score of 5 to 3
CHA beat BOS by a score of 9 to 6
NYA beat CLE by a score of 7 to 4
NYA beat CLE by a score of 3 to 0
WS1 beat DET by a score of 4 to 1
CHN beat PHI by a score of 5 to 4
SFN beat MLN by a score of 3 to 1
SLN beat PIT by a score of 5 to 4
BAL beat CHA by a score of 3 to 1
BOS beat KC1 by a score of 2 to 1
BOS beat KC1 by a score of 5 to 4
DET beat NYA by a score of 6 to 2
NYA beat DET by a score of 8 to 5
CLE beat WS1 by a score of 9 to 1
CHN beat PHI by a score of 8 to 6
CIN beat LAN by a score of 9 to 3
SFN beat MLN by a score of 15 to 2
SLN beat PIT by a score of 5 to 4
BAL beat CHA by a score of 4 to 0
BOS beat KC1 by a score of 4 to 1
CLE beat WS1 by a score of 6 to 4
PIT beat LAN by a score of 10 to 2
SLN beat MLN by a score of 3 to 0
PHI beat SFN by a score of 2 to 0
BAL beat CLE by a score of 4 to 1
BOS beat DET by a score of 5 to 4
BOS beat DET by a score of 3 to 2
NYA beat KC1 by a score of 3 to 2
CHA beat WS1 by a score of 11 to 10
CHN beat CIN by a score of 5 to 4
PIT beat LAN by a score of 5 to 2
MLN beat SLN by a score of 10 to 0
SFN beat PHI by a score of 2 to 1
BAL beat CLE by a score of 6 to 3
DET beat BOS by a score of 4 to 2
NYA beat KC1 by a score of 1 to 0
KC1 beat NYA by a score of 6 to 0
WS1 beat CHA by a score of 2 to 1
CHN beat MLN by a score of 5 to 4
MLN beat CHN by a score of 11 to 7
SLN beat CIN by a score of 2 to 1
LAN beat PHI by a score of 3 to 1
PIT beat SFN by a score of 7 to 4
CLE beat KC1 by a score of 7 to 3
MLN beat CHN by a score of 10 to 1
CIN beat SLN by a score of 7 to 4
LAN beat PHI by a score of 3 to 2
PIT beat SFN by a score of 6 to 1
BAL beat NYA by a score of 5 to 0
WS1 beat BOS by a score of 5 to 1
WS1 beat BOS by a score of 3 to 2
CHA beat DET by a score of 7 to 5
CLE beat KC1 by a score of 6 to 2
MLN beat CIN by a score of 9 to 6
SFN beat LAN by a score of 4 to 3
CHN beat SLN by a score of 10 to 4
BAL beat NYA by a score of 2 to 0
BOS beat WS1 by a score of 5 to 4
CHA beat DET by a score of 4 to 1
CLE beat KC1 by a score of 6 to 5
MLN beat CIN by a score of 10 to 9
PHI beat PIT by a score of 3 to 2
SFN beat LAN by a score of 1 to 0
SLN beat CHN by a score of 4 to 0
BAL beat NYA by a score of 6 to 2
BOS beat WS1 by a score of 5 to 4
DET beat CHA by a score of 6 to 4
CHA beat DET by a score of 5 to 4
CLE beat KC1 by a score of 10 to 2
CIN beat MLN by a score of 9 to 5
PIT beat PHI by a score of 5 to 3
SFN beat LAN by a score of 8 to 3
SLN beat CHN by a score of 4 to 3
DET beat CLE by a score of 4 to 3
CLE beat DET by a score of 4 to 2
KC1 beat CHA by a score of 8 to 7
NYA beat BOS by a score of 3 to 2
NYA beat BOS by a score of 3 to 2
WS1 beat BAL by a score of 4 to 0
BAL beat WS1 by a score of 3 to 1
SLN beat CHN by a score of 2 to 1
CHN beat SLN by a score of 4 to 4
SFN beat LAN by a score of 12 to 8
LAN beat SFN by a score of 4 to 3
CIN beat PHI by a score of 9 to 2
PIT beat MLN by a score of 9 to 7
MLN beat PIT by a score of 7 to 1
CLE beat DET by a score of 10 to 8
KC1 beat CHA by a score of 3 to 2
BOS beat NYA by a score of 7 to 1
LAN beat SFN by a score of 7 to 0
CIN beat PHI by a score of 6 to 1
PIT beat MLN by a score of 5 to 3
NYA beat CHA by a score of 6 to 4
CLE beat BAL by a score of 3 to 2
BOS beat DET by a score of 5 to 4
WS1 beat KC1 by a score of 5 to 3
CIN beat LAN by a score of 4 to 3
MLN beat SFN by a score of 6 to 5
PHI beat CHN by a score of 2 to 0
SLN beat PIT by a score of 2 to 1
CHA beat NYA by a score of 5 to 4
BAL beat CLE by a score of 9 to 0
BOS beat DET by a score of 6 to 1
WS1 beat KC1 by a score of 7 to 0
LAN beat CIN by a score of 7 to 4
MLN beat SFN by a score of 9 to 4
CHN beat PHI by a score of 2 to 1
CHA beat BAL by a score of 5 to 2
WS1 beat CLE by a score of 8 to 2
NYA beat DET by a score of 4 to 1
KC1 beat BOS by a score of 3 to 2
SFN beat CIN by a score of 4 to 2
CIN beat SFN by a score of 3 to 2
LAN beat MLN by a score of 5 to 3
SLN beat PHI by a score of 4 to 1
PIT beat CHN by a score of 4 to 3
CHA beat BAL by a score of 3 to 2
CLE beat WS1 by a score of 5 to 4
NYA beat DET by a score of 5 to 1
BOS beat KC1 by a score of 7 to 4
MLN beat LAN by a score of 10 to 8
PHI beat SLN by a score of 7 to 2
PIT beat CHN by a score of 4 to 1
CHA beat BOS by a score of 5 to 3
CHA beat BOS by a score of 1 to 0
NYA beat CLE by a score of 5 to 0
NYA beat CLE by a score of 3 to 2
DET beat WS1 by a score of 8 to 3
DET beat WS1 by a score of 8 to 5
BAL beat KC1 by a score of 4 to 0
CIN beat SFN by a score of 2 to 1
SFN beat CIN by a score of 3 to 2
LAN beat MLN by a score of 2 to 0
SLN beat PHI by a score of 7 to 3
PIT beat SFN by a score of 6 to 1
MLN beat SLN by a score of 4 to 2
CHA beat WS1 by a score of 6 to 5
CLE beat BOS by a score of 5 to 3
DET beat BAL by a score of 3 to 1
KC1 beat NYA by a score of 12 to 3
CIN beat CHN by a score of 8 to 6
LAN beat PHI by a score of 2 to 1
LAN beat PHI by a score of 4 to 1
SFN beat PIT by a score of 6 to 3
SLN beat MLN by a score of 6 to 5
WS1 beat CHA by a score of 6 to 1
CLE beat BOS by a score of 11 to 7
BAL beat DET by a score of 11 to 10
KC1 beat NYA by a score of 2 to 1
MLN beat CHN by a score of 10 to 2
PHI beat SFN by a score of 5 to 1
LAN beat PIT by a score of 5 to 2
SLN beat CIN by a score of 6 to 4
MLN beat CHN by a score of 3 to 1
SFN beat PHI by a score of 8 to 6
PIT beat LAN by a score of 3 to 1
CLE beat KC1 by a score of 4 to 2
DET beat CHA by a score of 4 to 3
NYA beat BAL by a score of 4 to 2
WS1 beat BOS by a score of 3 to 0
LAN beat CHN by a score of 5 to 4
CIN beat PIT by a score of 4 to 3
MLN beat PHI by a score of 4 to 0
SFN beat SLN by a score of 6 to 2
KC1 beat CLE by a score of 8 to 5
CHA beat DET by a score of 8 to 4
NYA beat BAL by a score of 5 to 3
BOS beat WS1 by a score of 2 to 1
CHN beat LAN by a score of 7 to 3
PHI beat MLN by a score of 5 to 2
SLN beat SFN by a score of 4 to 1
KC1 beat CLE by a score of 3 to 2
CLE beat KC1 by a score of 9 to 2
CHA beat DET by a score of 8 to 4
DET beat CHA by a score of 7 to 6
NYA beat BAL by a score of 7 to 3
NYA beat BAL by a score of 2 to 0
BOS beat WS1 by a score of 3 to 1
CHN beat LAN by a score of 5 to 2
PIT beat CIN by a score of 5 to 3
PIT beat CIN by a score of 1 to 0
MLN beat PHI by a score of 7 to 1
SLN beat SFN by a score of 4 to 3
SFN beat CHN by a score of 11 to 4
SFN beat CHN by a score of 4 to 1
SLN beat LAN by a score of 1 to 0
BAL beat BOS by a score of 4 to 3
DET beat CLE by a score of 9 to 1
NYA beat WS1 by a score of 2 to 1
SFN beat CHN by a score of 5 to 2
CIN beat MLN by a score of 9 to 0
PIT beat PHI by a score of 7 to 1
PIT beat PHI by a score of 3 to 2
SLN beat LAN by a score of 3 to 2
BOS beat BAL by a score of 4 to 1
CHA beat KC1 by a score of 7 to 2
NYA beat WS1 by a score of 10 to 3
MLN beat CIN by a score of 3 to 1
LAN beat SLN by a score of 5 to 3
PIT beat CHN by a score of 3 to 2
PIT beat CHN by a score of 6 to 1
NYA beat BOS by a score of 5 to 1
CHA beat CLE by a score of 7 to 0
KC1 beat DET by a score of 4 to 1
WS1 beat BAL by a score of 4 to 0
SLN beat CHN by a score of 5 to 1
SLN beat CHN by a score of 5 to 1
PHI beat CIN by a score of 6 to 1
MLN beat PIT by a score of 2 to 1
NYA beat BOS by a score of 6 to 5
CLE beat CHA by a score of 6 to 5
KC1 beat DET by a score of 6 to 3
BAL beat WS1 by a score of 10 to 9
CHN beat SLN by a score of 5 to 4
CIN beat PHI by a score of 5 to 0
MLN beat PIT by a score of 4 to 2
NYA beat BOS by a score of 4 to 3
CLE beat CHA by a score of 4 to 0
DET beat KC1 by a score of 6 to 5
BAL beat WS1 by a score of 3 to 1
CHN beat SLN by a score of 5 to 0
PHI beat CIN by a score of 7 to 1
SFN beat LAN by a score of 13 to 9
MLN beat PIT by a score of 4 to 2
CHA beat DET by a score of 6 to 3
KC1 beat CLE by a score of 6 to 1
NYA beat WS1 by a score of 4 to 2
SFN beat LAN by a score of 6 to 2
BAL beat BOS by a score of 17 to 3
DET beat CHA by a score of 2 to 0
KC1 beat CLE by a score of 5 to 4
NYA beat WS1 by a score of 5 to 1
LAN beat SLN by a score of 5 to 1
PHI beat MLN by a score of 5 to 3
PIT beat CIN by a score of 4 to 3
CHN beat SFN by a score of 3 to 1
BOS beat BAL by a score of 5 to 4
KC1 beat CLE by a score of 4 to 0
NYA beat WS1 by a score of 6 to 3
LAN beat SLN by a score of 4 to 2
MLN beat PHI by a score of 9 to 3
CHN beat SFN by a score of 6 to 3
SLN beat LAN by a score of 4 to 3
CHA beat CLE by a score of 5 to 4
DET beat KC1 by a score of 5 to 3
NYA beat BOS by a score of 6 to 5
LAN beat CHN by a score of 7 to 5
PHI beat CIN by a score of 7 to 6
MLN beat PIT by a score of 13 to 2
SFN beat SLN by a score of 2 to 1
CLE beat CHA by a score of 9 to 8
DET beat KC1 by a score of 6 to 4
NYA beat BOS by a score of 3 to 1
BAL beat WS1 by a score of 3 to 2
CHN beat LAN by a score of 10 to 8
PHI beat CIN by a score of 7 to 3
PIT beat MLN by a score of 7 to 3
SFN beat SLN by a score of 7 to 2
CLE beat CHA by a score of 4 to 0
KC1 beat DET by a score of 2 to 1
NYA beat BOS by a score of 8 to 7
BAL beat WS1 by a score of 2 to 1
LAN beat CHN by a score of 4 to 3
PHI beat CIN by a score of 6 to 1
PIT beat MLN by a score of 9 to 5
SFN beat SLN by a score of 8 to 2
